\BOOKMARK [0][-]{chapter.1}{\376\377\0001\000\040\000C\000l\000a\000s\000s\000\040\000I\000n\000d\000e\000x}{}% 1
\BOOKMARK [1][-]{section.1.1}{\376\377\0001\000.\0001\000\040\000C\000l\000a\000s\000s\000\040\000L\000i\000s\000t}{chapter.1}% 2
\BOOKMARK [0][-]{chapter.2}{\376\377\0002\000\040\000F\000i\000l\000e\000\040\000I\000n\000d\000e\000x}{}% 3
\BOOKMARK [1][-]{section.2.1}{\376\377\0002\000.\0001\000\040\000F\000i\000l\000e\000\040\000L\000i\000s\000t}{chapter.2}% 4
\BOOKMARK [0][-]{chapter.3}{\376\377\0003\000\040\000C\000l\000a\000s\000s\000\040\000D\000o\000c\000u\000m\000e\000n\000t\000a\000t\000i\000o\000n}{}% 5
\BOOKMARK [1][-]{section.3.1}{\376\377\0003\000.\0001\000\040\000W\000e\000i\000g\000h\000t\000e\000d\000G\000r\000a\000p\000h\000:\000:\000V\000e\000r\000t\000e\000x\000\040\000C\000l\000a\000s\000s\000\040\000R\000e\000f\000e\000r\000e\000n\000c\000e}{chapter.3}% 6
\BOOKMARK [2][-]{subsection.3.1.1}{\376\377\0003\000.\0001\000.\0001\000\040\000M\000e\000m\000b\000e\000r\000\040\000F\000u\000n\000c\000t\000i\000o\000n\000\040\000D\000o\000c\000u\000m\000e\000n\000t\000a\000t\000i\000o\000n}{section.3.1}% 7
\BOOKMARK [3][-]{subsubsection.3.1.1.1}{\376\377\0003\000.\0001\000.\0001\000.\0001\000\040\000g\000e\000t\000C\000o\000l\000o\000r\000\050\000\051\000\040\000c\000o\000n\000s\000t\000\040}{subsection.3.1.1}% 8
\BOOKMARK [3][-]{subsubsection.3.1.1.2}{\376\377\0003\000.\0001\000.\0001\000.\0002\000\040\000g\000e\000t\000L\000a\000b\000e\000l\000\050\000\051\000\040\000c\000o\000n\000s\000t\000\040}{subsection.3.1.1}% 9
\BOOKMARK [3][-]{subsubsection.3.1.1.3}{\376\377\0003\000.\0001\000.\0001\000.\0003\000\040\000s\000e\000t\000C\000o\000l\000o\000r\000\050\000c\000h\000a\000r\000\040\000n\000e\000w\000C\000o\000l\000o\000r\000\051}{subsection.3.1.1}% 10
\BOOKMARK [3][-]{subsubsection.3.1.1.4}{\376\377\0003\000.\0001\000.\0001\000.\0004\000\040\000s\000e\000t\000L\000a\000b\000e\000l\000\050\000c\000o\000n\000s\000t\000\040\000s\000t\000r\000i\000n\000g\000\040\000n\000e\000w\000L\000a\000b\000e\000l\000\051}{subsection.3.1.1}% 11
\BOOKMARK [1][-]{section.3.2}{\376\377\0003\000.\0002\000\040\000W\000e\000i\000g\000h\000t\000e\000d\000G\000r\000a\000p\000h\000\040\000C\000l\000a\000s\000s\000\040\000R\000e\000f\000e\000r\000e\000n\000c\000e}{chapter.3}% 12
\BOOKMARK [2][-]{subsection.3.2.1}{\376\377\0003\000.\0002\000.\0001\000\040\000C\000o\000n\000s\000t\000r\000u\000c\000t\000o\000r\000\040\000\046\000\040\000D\000e\000s\000t\000r\000u\000c\000t\000o\000r\000\040\000D\000o\000c\000u\000m\000e\000n\000t\000a\000t\000i\000o\000n}{section.3.2}% 13
\BOOKMARK [3][-]{subsubsection.3.2.1.1}{\376\377\0003\000.\0002\000.\0001\000.\0001\000\040\000W\000e\000i\000g\000h\000t\000e\000d\000G\000r\000a\000p\000h\000\050\000i\000n\000t\000\040\000m\000a\000x\000N\000u\000m\000b\000e\000r\000=\000M\000A\000X\000G\000R\000A\000P\000H\000S\000I\000Z\000E\000\051}{subsection.3.2.1}% 14
\BOOKMARK [3][-]{subsubsection.3.2.1.2}{\376\377\0003\000.\0002\000.\0001\000.\0002\000\040\000W\000e\000i\000g\000h\000t\000e\000d\000G\000r\000a\000p\000h\000\050\000c\000o\000n\000s\000t\000\040\000W\000e\000i\000g\000h\000t\000e\000d\000G\000r\000a\000p\000h\000\040\000o\000t\000h\000e\000r\000\051}{subsection.3.2.1}% 15
\BOOKMARK [3][-]{subsubsection.3.2.1.3}{\376\377\0003\000.\0002\000.\0001\000.\0003\000\040\000\040\000W\000e\000i\000g\000h\000t\000e\000d\000G\000r\000a\000p\000h\000\050\000\051}{subsection.3.2.1}% 16
\BOOKMARK [2][-]{subsection.3.2.2}{\376\377\0003\000.\0002\000.\0002\000\040\000M\000e\000m\000b\000e\000r\000\040\000F\000u\000n\000c\000t\000i\000o\000n\000\040\000D\000o\000c\000u\000m\000e\000n\000t\000a\000t\000i\000o\000n}{section.3.2}% 17
\BOOKMARK [3][-]{subsubsection.3.2.2.1}{\376\377\0003\000.\0002\000.\0002\000.\0001\000\040\000a\000r\000e\000A\000l\000l\000E\000v\000e\000n\000\050\000\051\000\040\000c\000o\000n\000s\000t\000\040}{subsection.3.2.2}% 18
\BOOKMARK [3][-]{subsubsection.3.2.2.2}{\376\377\0003\000.\0002\000.\0002\000.\0002\000\040\000c\000l\000e\000a\000r\000\050\000\051}{subsection.3.2.2}% 19
\BOOKMARK [3][-]{subsubsection.3.2.2.3}{\376\377\0003\000.\0002\000.\0002\000.\0003\000\040\000g\000e\000t\000E\000d\000g\000e\000W\000e\000i\000g\000h\000t\000\050\000c\000o\000n\000s\000t\000\040\000s\000t\000r\000i\000n\000g\000\040\000v\0001\000,\000\040\000c\000o\000n\000s\000t\000\040\000s\000t\000r\000i\000n\000g\000\040\000v\0002\000,\000\040\000i\000n\000t\000\040\000w\000t\000\051\000\040\000c\000o\000n\000s\000t\000\040}{subsection.3.2.2}% 20
\BOOKMARK [3][-]{subsubsection.3.2.2.4}{\376\377\0003\000.\0002\000.\0002\000.\0004\000\040\000h\000a\000s\000P\000r\000o\000p\000e\000r\000C\000o\000l\000o\000r\000i\000n\000g\000\050\000\051\000\040\000c\000o\000n\000s\000t\000\040}{subsection.3.2.2}% 21
\BOOKMARK [3][-]{subsubsection.3.2.2.5}{\376\377\0003\000.\0002\000.\0002\000.\0005\000\040\000i\000n\000s\000e\000r\000t\000E\000d\000g\000e\000\050\000c\000o\000n\000s\000t\000\040\000s\000t\000r\000i\000n\000g\000\040\000v\0001\000,\000\040\000c\000o\000n\000s\000t\000\040\000s\000t\000r\000i\000n\000g\000\040\000v\0002\000,\000\040\000i\000n\000t\000\040\000w\000t\000\051}{subsection.3.2.2}% 22
\BOOKMARK [3][-]{subsubsection.3.2.2.6}{\376\377\0003\000.\0002\000.\0002\000.\0006\000\040\000i\000n\000s\000e\000r\000t\000V\000e\000r\000t\000e\000x\000\050\000c\000o\000n\000s\000t\000\040\000V\000e\000r\000t\000e\000x\000\040\000n\000e\000w\000V\000e\000r\000t\000e\000x\000\051}{subsection.3.2.2}% 23
\BOOKMARK [3][-]{subsubsection.3.2.2.7}{\376\377\0003\000.\0002\000.\0002\000.\0007\000\040\000i\000s\000E\000m\000p\000t\000y\000\050\000\051\000\040\000c\000o\000n\000s\000t\000\040}{subsection.3.2.2}% 24
\BOOKMARK [3][-]{subsubsection.3.2.2.8}{\376\377\0003\000.\0002\000.\0002\000.\0008\000\040\000i\000s\000F\000u\000l\000l\000\050\000\051\000\040\000c\000o\000n\000s\000t\000\040}{subsection.3.2.2}% 25
\BOOKMARK [3][-]{subsubsection.3.2.2.9}{\376\377\0003\000.\0002\000.\0002\000.\0009\000\040\000o\000p\000e\000r\000a\000t\000o\000r\000=\000\050\000c\000o\000n\000s\000t\000\040\000W\000e\000i\000g\000h\000t\000e\000d\000G\000r\000a\000p\000h\000\040\000o\000t\000h\000e\000r\000\051}{subsection.3.2.2}% 26
\BOOKMARK [3][-]{subsubsection.3.2.2.10}{\376\377\0003\000.\0002\000.\0002\000.\0001\0000\000\040\000r\000e\000m\000o\000v\000e\000E\000d\000g\000e\000\050\000c\000o\000n\000s\000t\000\040\000s\000t\000r\000i\000n\000g\000\040\000v\0001\000,\000\040\000c\000o\000n\000s\000t\000\040\000s\000t\000r\000i\000n\000g\000\040\000v\0002\000\051}{subsection.3.2.2}% 27
\BOOKMARK [3][-]{subsubsection.3.2.2.11}{\376\377\0003\000.\0002\000.\0002\000.\0001\0001\000\040\000r\000e\000m\000o\000v\000e\000V\000e\000r\000t\000e\000x\000\050\000c\000o\000n\000s\000t\000\040\000s\000t\000r\000i\000n\000g\000\040\000v\000\051}{subsection.3.2.2}% 28
\BOOKMARK [3][-]{subsubsection.3.2.2.12}{\376\377\0003\000.\0002\000.\0002\000.\0001\0002\000\040\000r\000e\000t\000r\000i\000e\000v\000e\000V\000e\000r\000t\000e\000x\000\050\000c\000o\000n\000s\000t\000\040\000s\000t\000r\000i\000n\000g\000\040\000v\000,\000\040\000V\000e\000r\000t\000e\000x\000\040\000v\000D\000a\000t\000a\000\051\000\040\000c\000o\000n\000s\000t\000\040}{subsection.3.2.2}% 29
\BOOKMARK [3][-]{subsubsection.3.2.2.13}{\376\377\0003\000.\0002\000.\0002\000.\0001\0003\000\040\000s\000h\000o\000w\000S\000h\000o\000r\000t\000e\000s\000t\000P\000a\000t\000h\000s\000\050\000\051}{subsection.3.2.2}% 30
\BOOKMARK [3][-]{subsubsection.3.2.2.14}{\376\377\0003\000.\0002\000.\0002\000.\0001\0004\000\040\000s\000h\000o\000w\000S\000t\000r\000u\000c\000t\000u\000r\000e\000\050\000\051\000\040\000c\000o\000n\000s\000t\000\040}{subsection.3.2.2}% 31
\BOOKMARK [2][-]{subsection.3.2.3}{\376\377\0003\000.\0002\000.\0003\000\040\000M\000e\000m\000b\000e\000r\000\040\000D\000a\000t\000a\000\040\000D\000o\000c\000u\000m\000e\000n\000t\000a\000t\000i\000o\000n}{section.3.2}% 32
\BOOKMARK [3][-]{subsubsection.3.2.3.1}{\376\377\0003\000.\0002\000.\0003\000.\0001\000\040\000I\000N\000F\000I\000N\000I\000T\000E\000E\000D\000G\000E\000W\000T}{subsection.3.2.3}% 33
\BOOKMARK [3][-]{subsubsection.3.2.3.2}{\376\377\0003\000.\0002\000.\0003\000.\0002\000\040\000M\000A\000X\000G\000R\000A\000P\000H\000S\000I\000Z\000E}{subsection.3.2.3}% 34
\BOOKMARK [0][-]{chapter.4}{\376\377\0004\000\040\000F\000i\000l\000e\000\040\000D\000o\000c\000u\000m\000e\000n\000t\000a\000t\000i\000o\000n}{}% 35
\BOOKMARK [1][-]{section.4.1}{\376\377\0004\000.\0001\000\040\000c\000o\000n\000f\000i\000g\000.\000h\000\040\000F\000i\000l\000e\000\040\000R\000e\000f\000e\000r\000e\000n\000c\000e}{chapter.4}% 36
\BOOKMARK [2][-]{subsection.4.1.1}{\376\377\0004\000.\0001\000.\0001\000\040\000M\000a\000c\000r\000o\000\040\000D\000e\000f\000i\000n\000i\000t\000i\000o\000n\000\040\000D\000o\000c\000u\000m\000e\000n\000t\000a\000t\000i\000o\000n}{section.4.1}% 37
\BOOKMARK [3][-]{subsubsection.4.1.1.1}{\376\377\0004\000.\0001\000.\0001\000.\0001\000\040\000L\000A\000B\0001\0002\000T\000E\000S\000T\0001}{subsection.4.1.1}% 38
\BOOKMARK [3][-]{subsubsection.4.1.1.2}{\376\377\0004\000.\0001\000.\0001\000.\0002\000\040\000L\000A\000B\0001\0002\000T\000E\000S\000T\0002}{subsection.4.1.1}% 39
\BOOKMARK [3][-]{subsubsection.4.1.1.3}{\376\377\0004\000.\0001\000.\0001\000.\0003\000\040\000L\000A\000B\0001\0002\000T\000E\000S\000T\0003}{subsection.4.1.1}% 40
\BOOKMARK [1][-]{section.4.2}{\376\377\0004\000.\0002\000\040\000s\000h\000o\000w\0001\0002\000.\000c\000p\000p\000\040\000F\000i\000l\000e\000\040\000R\000e\000f\000e\000r\000e\000n\000c\000e}{chapter.4}% 41
\BOOKMARK [1][-]{section.4.3}{\376\377\0004\000.\0003\000\040\000t\000e\000s\000t\0001\0002\000.\000c\000p\000p\000\040\000F\000i\000l\000e\000\040\000R\000e\000f\000e\000r\000e\000n\000c\000e}{chapter.4}% 42
\BOOKMARK [2][-]{subsection.4.3.1}{\376\377\0004\000.\0003\000.\0001\000\040\000F\000u\000n\000c\000t\000i\000o\000n\000\040\000D\000o\000c\000u\000m\000e\000n\000t\000a\000t\000i\000o\000n}{section.4.3}% 43
\BOOKMARK [3][-]{subsubsection.4.3.1.1}{\376\377\0004\000.\0003\000.\0001\000.\0001\000\040\000m\000a\000i\000n\000\050\000\051}{subsection.4.3.1}% 44
\BOOKMARK [3][-]{subsubsection.4.3.1.2}{\376\377\0004\000.\0003\000.\0001\000.\0002\000\040\000p\000r\000i\000n\000t\000h\000e\000l\000p\000\050\000\051}{subsection.4.3.1}% 45
\BOOKMARK [1][-]{section.4.4}{\376\377\0004\000.\0004\000\040\000W\000e\000i\000g\000h\000t\000e\000d\000G\000r\000a\000p\000h\000.\000c\000p\000p\000\040\000F\000i\000l\000e\000\040\000R\000e\000f\000e\000r\000e\000n\000c\000e}{chapter.4}% 46
\BOOKMARK [2][-]{subsection.4.4.1}{\376\377\0004\000.\0004\000.\0001\000\040\000D\000e\000t\000a\000i\000l\000e\000d\000\040\000D\000e\000s\000c\000r\000i\000p\000t\000i\000o\000n}{section.4.4}% 47
\BOOKMARK [1][-]{section.4.5}{\376\377\0004\000.\0005\000\040\000W\000e\000i\000g\000h\000t\000e\000d\000G\000r\000a\000p\000h\000.\000h\000\040\000F\000i\000l\000e\000\040\000R\000e\000f\000e\000r\000e\000n\000c\000e}{chapter.4}% 48
\BOOKMARK [0][-]{section*.9}{\376\377\000I\000n\000d\000e\000x}{}% 49
