\BOOKMARK [0][-]{chapter.1}{\376\377\0001\000\040\000C\000l\000a\000s\000s\000\040\000I\000n\000d\000e\000x}{}% 1
\BOOKMARK [1][-]{section.1.1}{\376\377\0001\000.\0001\000\040\000C\000l\000a\000s\000s\000\040\000L\000i\000s\000t}{chapter.1}% 2
\BOOKMARK [0][-]{chapter.2}{\376\377\0002\000\040\000F\000i\000l\000e\000\040\000I\000n\000d\000e\000x}{}% 3
\BOOKMARK [1][-]{section.2.1}{\376\377\0002\000.\0001\000\040\000F\000i\000l\000e\000\040\000L\000i\000s\000t}{chapter.2}% 4
\BOOKMARK [0][-]{chapter.3}{\376\377\0003\000\040\000C\000l\000a\000s\000s\000\040\000D\000o\000c\000u\000m\000e\000n\000t\000a\000t\000i\000o\000n}{}% 5
\BOOKMARK [1][-]{section.3.1}{\376\377\0003\000.\0001\000\040\000H\000a\000s\000h\000T\000a\000b\000l\000e\000<\000\040\000D\000a\000t\000a\000T\000y\000p\000e\000,\000\040\000K\000e\000y\000T\000y\000p\000e\000\040\000>\000\040\000C\000l\000a\000s\000s\000\040\000T\000e\000m\000p\000l\000a\000t\000e\000\040\000R\000e\000f\000e\000r\000e\000n\000c\000e}{chapter.3}% 6
\BOOKMARK [2][-]{subsection.3.1.1}{\376\377\0003\000.\0001\000.\0001\000\040\000C\000o\000n\000s\000t\000r\000u\000c\000t\000o\000r\000\040\000\046\000\040\000D\000e\000s\000t\000r\000u\000c\000t\000o\000r\000\040\000D\000o\000c\000u\000m\000e\000n\000t\000a\000t\000i\000o\000n}{section.3.1}% 7
\BOOKMARK [3][-]{subsubsection.3.1.1.1}{\376\377\0003\000.\0001\000.\0001\000.\0001\000\040\000H\000a\000s\000h\000T\000a\000b\000l\000e\000\050\000i\000n\000t\000\040\000i\000n\000i\000t\000T\000a\000b\000l\000e\000S\000i\000z\000e\000\051}{subsection.3.1.1}% 8
\BOOKMARK [3][-]{subsubsection.3.1.1.2}{\376\377\0003\000.\0001\000.\0001\000.\0002\000\040\000H\000a\000s\000h\000T\000a\000b\000l\000e\000\050\000c\000o\000n\000s\000t\000\040\000H\000a\000s\000h\000T\000a\000b\000l\000e\000\040\000o\000t\000h\000e\000r\000\051}{subsection.3.1.1}% 9
\BOOKMARK [3][-]{subsubsection.3.1.1.3}{\376\377\0003\000.\0001\000.\0001\000.\0003\000\040\000\040\000H\000a\000s\000h\000T\000a\000b\000l\000e\000\050\000\051}{subsection.3.1.1}% 10
\BOOKMARK [2][-]{subsection.3.1.2}{\376\377\0003\000.\0001\000.\0002\000\040\000M\000e\000m\000b\000e\000r\000\040\000F\000u\000n\000c\000t\000i\000o\000n\000\040\000D\000o\000c\000u\000m\000e\000n\000t\000a\000t\000i\000o\000n}{section.3.1}% 11
\BOOKMARK [3][-]{subsubsection.3.1.2.1}{\376\377\0003\000.\0001\000.\0002\000.\0001\000\040\000c\000l\000e\000a\000r\000\050\000\051}{subsection.3.1.2}% 12
\BOOKMARK [3][-]{subsubsection.3.1.2.2}{\376\377\0003\000.\0001\000.\0002\000.\0002\000\040\000i\000n\000s\000e\000r\000t\000\050\000c\000o\000n\000s\000t\000\040\000D\000a\000t\000a\000T\000y\000p\000e\000\040\000n\000e\000w\000D\000a\000t\000a\000I\000t\000e\000m\000\051}{subsection.3.1.2}% 13
\BOOKMARK [3][-]{subsubsection.3.1.2.3}{\376\377\0003\000.\0001\000.\0002\000.\0003\000\040\000i\000s\000E\000m\000p\000t\000y\000\050\000\051\000\040\000c\000o\000n\000s\000t\000\040}{subsection.3.1.2}% 14
\BOOKMARK [3][-]{subsubsection.3.1.2.4}{\376\377\0003\000.\0001\000.\0002\000.\0004\000\040\000o\000p\000e\000r\000a\000t\000o\000r\000=\000\050\000c\000o\000n\000s\000t\000\040\000H\000a\000s\000h\000T\000a\000b\000l\000e\000\040\000o\000t\000h\000e\000r\000\051}{subsection.3.1.2}% 15
\BOOKMARK [3][-]{subsubsection.3.1.2.5}{\376\377\0003\000.\0001\000.\0002\000.\0005\000\040\000r\000e\000m\000o\000v\000e\000\050\000c\000o\000n\000s\000t\000\040\000K\000e\000y\000T\000y\000p\000e\000\040\000d\000e\000l\000e\000t\000e\000K\000e\000y\000\051}{subsection.3.1.2}% 16
\BOOKMARK [3][-]{subsubsection.3.1.2.6}{\376\377\0003\000.\0001\000.\0002\000.\0006\000\040\000r\000e\000t\000r\000i\000e\000v\000e\000\050\000c\000o\000n\000s\000t\000\040\000K\000e\000y\000T\000y\000p\000e\000\040\000s\000e\000a\000r\000c\000h\000K\000e\000y\000,\000\040\000D\000a\000t\000a\000T\000y\000p\000e\000\040\000r\000e\000t\000u\000r\000n\000I\000t\000e\000m\000\051\000\040\000c\000o\000n\000s\000t\000\040}{subsection.3.1.2}% 17
\BOOKMARK [3][-]{subsubsection.3.1.2.7}{\376\377\0003\000.\0001\000.\0002\000.\0007\000\040\000s\000h\000o\000w\000S\000t\000r\000u\000c\000t\000u\000r\000e\000\050\000\051\000\040\000c\000o\000n\000s\000t\000\040}{subsection.3.1.2}% 18
\BOOKMARK [3][-]{subsubsection.3.1.2.8}{\376\377\0003\000.\0001\000.\0002\000.\0008\000\040\000s\000t\000a\000n\000d\000a\000r\000d\000D\000e\000v\000i\000a\000t\000i\000o\000n\000\050\000\051\000\040\000c\000o\000n\000s\000t\000\040}{subsection.3.1.2}% 19
\BOOKMARK [1][-]{section.3.2}{\376\377\0003\000.\0002\000\040\000u\000s\000e\000r\000L\000o\000g\000i\000n\000\040\000C\000l\000a\000s\000s\000\040\000R\000e\000f\000e\000r\000e\000n\000c\000e}{chapter.3}% 20
\BOOKMARK [2][-]{subsection.3.2.1}{\376\377\0003\000.\0002\000.\0001\000\040\000M\000e\000m\000b\000e\000r\000\040\000F\000u\000n\000c\000t\000i\000o\000n\000\040\000D\000o\000c\000u\000m\000e\000n\000t\000a\000t\000i\000o\000n}{section.3.2}% 21
\BOOKMARK [3][-]{subsubsection.3.2.1.1}{\376\377\0003\000.\0002\000.\0001\000.\0001\000\040\000g\000e\000t\000K\000e\000y\000\050\000\051\000\040\000c\000o\000n\000s\000t\000\040}{subsection.3.2.1}% 22
\BOOKMARK [3][-]{subsubsection.3.2.1.2}{\376\377\0003\000.\0002\000.\0001\000.\0002\000\040\000g\000e\000t\000P\000a\000s\000s\000w\000o\000r\000d\000\050\000\051\000\040\000c\000o\000n\000s\000t\000\040}{subsection.3.2.1}% 23
\BOOKMARK [3][-]{subsubsection.3.2.1.3}{\376\377\0003\000.\0002\000.\0001\000.\0003\000\040\000h\000a\000s\000h\000\050\000c\000o\000n\000s\000t\000\040\000s\000t\000r\000i\000n\000g\000\040\000o\000t\000h\000e\000r\000\051}{subsection.3.2.1}% 24
\BOOKMARK [3][-]{subsubsection.3.2.1.4}{\376\377\0003\000.\0002\000.\0001\000.\0004\000\040\000s\000e\000t\000K\000e\000y\000\050\000c\000o\000n\000s\000t\000\040\000s\000t\000r\000i\000n\000g\000\040\000u\000s\000e\000r\000N\000a\000m\000e\000\051}{subsection.3.2.1}% 25
\BOOKMARK [3][-]{subsubsection.3.2.1.5}{\376\377\0003\000.\0002\000.\0001\000.\0005\000\040\000s\000e\000t\000P\000a\000s\000s\000w\000o\000r\000d\000\050\000c\000o\000n\000s\000t\000\040\000s\000t\000r\000i\000n\000g\000\040\000u\000s\000e\000r\000P\000a\000s\000s\000w\000o\000r\000d\000\051}{subsection.3.2.1}% 26
\BOOKMARK [0][-]{chapter.4}{\376\377\0004\000\040\000F\000i\000l\000e\000\040\000D\000o\000c\000u\000m\000e\000n\000t\000a\000t\000i\000o\000n}{}% 27
\BOOKMARK [1][-]{section.4.1}{\376\377\0004\000.\0001\000\040\000H\000a\000s\000h\000T\000a\000b\000l\000e\000.\000c\000p\000p\000\040\000F\000i\000l\000e\000\040\000R\000e\000f\000e\000r\000e\000n\000c\000e}{chapter.4}% 28
\BOOKMARK [2][-]{subsection.4.1.1}{\376\377\0004\000.\0001\000.\0001\000\040\000D\000e\000t\000a\000i\000l\000e\000d\000\040\000D\000e\000s\000c\000r\000i\000p\000t\000i\000o\000n}{section.4.1}% 29
\BOOKMARK [1][-]{section.4.2}{\376\377\0004\000.\0002\000\040\000H\000a\000s\000h\000T\000a\000b\000l\000e\000.\000h\000\040\000F\000i\000l\000e\000\040\000R\000e\000f\000e\000r\000e\000n\000c\000e}{chapter.4}% 30
\BOOKMARK [1][-]{section.4.3}{\376\377\0004\000.\0003\000\040\000l\000o\000g\000i\000n\000.\000c\000p\000p\000\040\000F\000i\000l\000e\000\040\000R\000e\000f\000e\000r\000e\000n\000c\000e}{chapter.4}% 31
\BOOKMARK [2][-]{subsection.4.3.1}{\376\377\0004\000.\0003\000.\0001\000\040\000D\000e\000t\000a\000i\000l\000e\000d\000\040\000D\000e\000s\000c\000r\000i\000p\000t\000i\000o\000n}{section.4.3}% 32
\BOOKMARK [2][-]{subsection.4.3.2}{\376\377\0004\000.\0003\000.\0002\000\040\000F\000u\000n\000c\000t\000i\000o\000n\000\040\000D\000o\000c\000u\000m\000e\000n\000t\000a\000t\000i\000o\000n}{section.4.3}% 33
\BOOKMARK [3][-]{subsubsection.4.3.2.1}{\376\377\0004\000.\0003\000.\0002\000.\0001\000\040\000m\000a\000i\000n\000\050\000\051}{subsection.4.3.2}% 34
\BOOKMARK [0][-]{section*.8}{\376\377\000I\000n\000d\000e\000x}{}% 35
